<component name="libraryTable">
  <library name="junit-jupiter-api-5.7.2">
    <CLASSES>
      <root url="jar://$PROJECT_DIR$/../junit-jupiter-api-5.7.2.jar!/" />
      <root url="jar://$PROJECT_DIR$/../mysql-connector-java-8.0.25.jar!/" />
    </CLASSES>
    <JAVADOC />
    <SOURCES />
  </library>
</component>